<?xml version="1.0" encoding="UTF-8"?>
<!-- Generated by org.testng.reporters.JUnitXMLReporter -->
<testsuite hostname="95-PC" name="Default test" tests="10" failures="0" timestamp="20 Jan 2019 08:48:23 GMT" time="0.075" errors="0">
  <testcase name="testThreadPools" time="0.013" classname="invocationCountAndthreadPoolSize.TestMultipleThreads2"/>
  <testcase name="testThreadPools" time="0.012" classname="invocationCountAndthreadPoolSize.TestMultipleThreads2"/>
  <testcase name="testThreadPools" time="0.013" classname="invocationCountAndthreadPoolSize.TestMultipleThreads2"/>
  <testcase name="testThreadPools" time="0.002" classname="invocationCountAndthreadPoolSize.TestMultipleThreads2"/>
  <testcase name="testThreadPools" time="0.004" classname="invocationCountAndthreadPoolSize.TestMultipleThreads2"/>
  <testcase name="testThreadPools" time="0.005" classname="invocationCountAndthreadPoolSize.TestMultipleThreads2"/>
  <testcase name="testThreadPools" time="0.006" classname="invocationCountAndthreadPoolSize.TestMultipleThreads2"/>
  <testcase name="testThreadPools" time="0.016" classname="invocationCountAndthreadPoolSize.TestMultipleThreads2"/>
  <testcase name="testThreadPools" time="0.012" classname="invocationCountAndthreadPoolSize.TestMultipleThreads2"/>
  <testcase name="testThreadPools" time="0.004" classname="invocationCountAndthreadPoolSize.TestMultipleThreads2"/>
</testsuite> <!-- Default test -->
