<?xml version="1.0" encoding="UTF-8"?>
<!-- Generated by org.testng.reporters.JUnitXMLReporter -->
<testsuite hostname="95-PC" name="test2" tests="4" failures="0" timestamp="20 Jan 2019 06:29:12 GMT" time="0.019" errors="0">
  <testcase name="runSelenium" time="0.001" classname="groupTest.TestGroup"/>
  <testcase name="runSelenium1" time="0.001" classname="groupTest.TestGroup"/>
  <testcase name="" time="0.002" classname="groupTest.TestSelenium"/>
  <testcase name="" time="0.003" classname="groupTest.TestSelenium"/>
</testsuite> <!-- test2 -->
