<?xml version="1.0" encoding="UTF-8"?>
<testng-results skipped="0" failed="0" total="1" passed="1">
  <reporter-output>
  </reporter-output>
  <suite name="Default suite" duration-ms="66" started-at="2020-10-21T06:13:04Z" finished-at="2020-10-21T06:13:04Z">
    <groups>
    </groups>
    <test name="Default test" duration-ms="66" started-at="2020-10-21T06:13:04Z" finished-at="2020-10-21T06:13:04Z">
      <class name="com.zhai1.testngdemo.TestHelloWorld">
        <test-method status="PASS" signature="testEmailGenerator()[pri:0, instance:com.zhai1.testngdemo.TestHelloWorld@e45f292]" name="testEmailGenerator" duration-ms="33" started-at="2020-10-21T14:13:04Z" finished-at="2020-10-21T14:13:04Z">
          <reporter-output>
          </reporter-output>
        </test-method> <!-- testEmailGenerator -->
      </class> <!-- com.zhai1.testngdemo.TestHelloWorld -->
    </test> <!-- Default test -->
  </suite> <!-- Default suite -->
</testng-results>
